# JRE version: Java(TM) SE Runtime Environment (8.0_11-b12) (build 1.8.0_11-b12)
# Java VM: Java HotSpot(TM) 64-Bit Server VM (25.11-b03 mixed mode windows-amd64 compressed oops)
Heap:
 PSYoungGen      total 155648K, used 73121K [0x00000000eab00000, 0x00000000f5000000, 0x0000000100000000)
  eden space 142336K, 51% used [0x00000000eab00000,0x00000000ef268610,0x00000000f3600000)
  from space 13312K, 0% used [0x00000000f3600000,0x00000000f3600000,0x00000000f4300000)
  to   space 13312K, 0% used [0x00000000f4300000,0x00000000f4300000,0x00000000f5000000)
 ParOldGen       total 62976K, used 40866K [0x00000000c0000000, 0x00000000c3d80000, 0x00000000eab00000)
  object space 62976K, 64% used [0x00000000c0000000,0x00000000c27e8ae0,0x00000000c3d80000)
 Metaspace       used 53540K, capacity 56142K, committed 56448K, reserved 1097728K
  class space    used 7245K, capacity 7634K, committed 7808K, reserved 1048576K
GC Heap History (10 events):
Event: 7819.180 GC heap before
{Heap before GC invocations=72 (full 15):
 PSYoungGen      total 145920K, used 133120K [0x00000000eab00000, 0x00000000f4800000, 0x0000000100000000)
  eden space 133120K, 100% used [0x00000000eab00000,0x00000000f2d00000,0x00000000f2d00000)
  from space 12800K, 0% used [0x00000000f3b80000,0x00000000f3b80000,0x00000000f4800000)
  to   space 13824K, 0% used [0x00000000f2d00000,0x00000000f2d00000,0x00000000f3a80000)
 ParOldGen       total 62976K, used 40537K [0x00000000c0000000, 0x00000000c3d80000, 0x00000000eab00000)
  object space 62976K, 64% used [0x00000000c0000000,0x00000000c2796430,0x00000000c3d80000)
 Metaspace       used 53318K, capacity 55850K, committed 56192K, reserved 1097728K
  class space    used 7222K, capacity 7602K, committed 7808K, reserved 1048576K
Event: 7819.302 GC heap after
Heap after GC invocations=72 (full 15):
 PSYoungGen      total 146944K, used 6840K [0x00000000eab00000, 0x00000000f5000000, 0x0000000100000000)
  eden space 133120K, 0% used [0x00000000eab00000,0x00000000eab00000,0x00000000f2d00000)
  from space 13824K, 49% used [0x00000000f2d00000,0x00000000f33ae088,0x00000000f3a80000)
  to   space 13312K, 0% used [0x00000000f4300000,0x00000000f4300000,0x00000000f5000000)
 ParOldGen       total 62976K, used 40545K [0x00000000c0000000, 0x00000000c3d80000, 0x00000000eab00000)
  object space 62976K, 64% used [0x00000000c0000000,0x00000000c2798430,0x00000000c3d80000)
 Metaspace       used 53318K, capacity 55850K, committed 56192K, reserved 1097728K
  class space    used 7222K, capacity 7602K, committed 7808K, reserved 1048576K
}
Event: 7820.288 GC heap before
{Heap before GC invocations=73 (full 15):
 PSYoungGen      total 146944K, used 14914K [0x00000000eab00000, 0x00000000f5000000, 0x0000000100000000)
  eden space 133120K, 6% used [0x00000000eab00000,0x00000000eb2e2b30,0x00000000f2d00000)
  from space 13824K, 49% used [0x00000000f2d00000,0x00000000f33ae088,0x00000000f3a80000)
  to   space 13312K, 0% used [0x00000000f4300000,0x00000000f4300000,0x00000000f5000000)
 ParOldGen       total 62976K, used 40545K [0x00000000c0000000, 0x00000000c3d80000, 0x00000000eab00000)
  object space 62976K, 64% used [0x00000000c0000000,0x00000000c2798430,0x00000000c3d80000)
 Metaspace       used 53323K, capacity 55850K, committed 56192K, reserved 1097728K
  class space    used 7222K, capacity 7602K, committed 7808K, reserved 1048576K
Event: 7820.304 GC heap after
Heap after GC invocations=73 (full 15):
 PSYoungGen      total 155648K, used 976K [0x00000000eab00000, 0x00000000f5000000, 0x0000000100000000)
  eden space 142336K, 0% used [0x00000000eab00000,0x00000000eab00000,0x00000000f3600000)
  from space 13312K, 7% used [0x00000000f4300000,0x00000000f43f4010,0x00000000f5000000)
  to   space 13312K, 0% used [0x00000000f3600000,0x00000000f3600000,0x00000000f4300000)
 ParOldGen       total 62976K, used 40553K [0x00000000c0000000, 0x00000000c3d80000, 0x00000000eab00000)
  object space 62976K, 64% used [0x00000000c0000000,0x00000000c279a430,0x00000000c3d80000)
 Metaspace       used 53323K, capacity 55850K, committed 56192K, reserved 1097728K
  class space    used 7222K, capacity 7602K, committed 7808K, reserved 1048576K
}
Event: 7820.304 GC heap before
{Heap before GC invocations=74 (full 16):
 PSYoungGen      total 155648K, used 976K [0x00000000eab00000, 0x00000000f5000000, 0x0000000100000000)
  eden space 142336K, 0% used [0x00000000eab00000,0x00000000eab00000,0x00000000f3600000)
  from space 13312K, 7% used [0x00000000f4300000,0x00000000f43f4010,0x00000000f5000000)
  to   space 13312K, 0% used [0x00000000f3600000,0x00000000f3600000,0x00000000f4300000)
 ParOldGen       total 62976K, used 40553K [0x00000000c0000000, 0x00000000c3d80000, 0x00000000eab00000)
  object space 62976K, 64% used [0x00000000c0000000,0x00000000c279a430,0x00000000c3d80000)
 Metaspace       used 53323K, capacity 55850K, committed 56192K, reserved 1097728K
  class space    used 7222K, capacity 7602K, committed 7808K, reserved 1048576K
Event: 7820.705 GC heap after
Heap after GC invocations=74 (full 16):
 PSYoungGen      total 155648K, used 0K [0x00000000eab00000, 0x00000000f5000000, 0x0000000100000000)
  eden space 142336K, 0% used [0x00000000eab00000,0x00000000eab00000,0x00000000f3600000)
  from space 13312K, 0% used [0x00000000f4300000,0x00000000f4300000,0x00000000f5000000)
  to   space 13312K, 0% used [0x00000000f3600000,0x00000000f3600000,0x00000000f4300000)
 ParOldGen       total 62976K, used 40132K [0x00000000c0000000, 0x00000000c3d80000, 0x00000000eab00000)
  object space 62976K, 63% used [0x00000000c0000000,0x00000000c2731190,0x00000000c3d80000)
 Metaspace       used 53305K, capacity 55828K, committed 56192K, reserved 1097728K
  class space    used 7216K, capacity 7596K, committed 7808K, reserved 1048576K
}
Event: 8112.711 GC heap before
{Heap before GC invocations=75 (full 16):
 PSYoungGen      total 155648K, used 141743K [0x00000000eab00000, 0x00000000f5000000, 0x0000000100000000)
  eden space 142336K, 99% used [0x00000000eab00000,0x00000000f356bc88,0x00000000f3600000)
  from space 13312K, 0% used [0x00000000f4300000,0x00000000f4300000,0x00000000f5000000)
  to   space 13312K, 0% used [0x00000000f3600000,0x00000000f3600000,0x00000000f4300000)
 ParOldGen       total 62976K, used 40132K [0x00000000c0000000, 0x00000000c3d80000, 0x00000000eab00000)
  object space 62976K, 63% used [0x00000000c0000000,0x00000000c2731190,0x00000000c3d80000)
 Metaspace       used 53472K, capacity 56026K, committed 56448K, reserved 1097728K
  class space    used 7236K, capacity 7623K, committed 7808K, reserved 1048576K
Event: 8112.754 GC heap after
Heap after GC invocations=75 (full 16):
 PSYoungGen      total 155648K, used 1552K [0x00000000eab00000, 0x00000000f5000000, 0x0000000100000000)
  eden space 142336K, 0% used [0x00000000eab00000,0x00000000eab00000,0x00000000f3600000)
  from space 13312K, 11% used [0x00000000f3600000,0x00000000f3784030,0x00000000f4300000)
  to   space 13312K, 0% used [0x00000000f4300000,0x00000000f4300000,0x00000000f5000000)
 ParOldGen       total 62976K, used 40140K [0x00000000c0000000, 0x00000000c3d80000, 0x00000000eab00000)
  object space 62976K, 63% used [0x00000000c0000000,0x00000000c2733190,0x00000000c3d80000)
 Metaspace       used 53472K, capacity 56026K, committed 56448K, reserved 1097728K
  class space    used 7236K, capacity 7623K, committed 7808K, reserved 1048576K
}
Event: 8112.754 GC heap before
{Heap before GC invocations=76 (full 17):
 PSYoungGen      total 155648K, used 1552K [0x00000000eab00000, 0x00000000f5000000, 0x0000000100000000)
  eden space 142336K, 0% used [0x00000000eab00000,0x00000000eab00000,0x00000000f3600000)
  from space 13312K, 11% used [0x00000000f3600000,0x00000000f3784030,0x00000000f4300000)
  to   space 13312K, 0% used [0x00000000f4300000,0x00000000f4300000,0x00000000f5000000)
 ParOldGen       total 62976K, used 40140K [0x00000000c0000000, 0x00000000c3d80000, 0x00000000eab00000)
  object space 62976K, 63% used [0x00000000c0000000,0x00000000c2733190,0x00000000c3d80000)
 Metaspace       used 53472K, capacity 56026K, committed 56448K, reserved 1097728K
  class space    used 7236K, capacity 7623K, committed 7808K, reserved 1048576K
Event: 8113.242 GC heap after
Heap after GC invocations=76 (full 17):
 PSYoungGen      total 155648K, used 0K [0x00000000eab00000, 0x00000000f5000000, 0x0000000100000000)
  eden space 142336K, 0% used [0x00000000eab00000,0x00000000eab00000,0x00000000f3600000)
  from space 13312K, 0% used [0x00000000f3600000,0x00000000f3600000,0x00000000f4300000)
  to   space 13312K, 0% used [0x00000000f4300000,0x00000000f4300000,0x00000000f5000000)
 ParOldGen       total 62976K, used 40866K [0x00000000c0000000, 0x00000000c3d80000, 0x00000000eab00000)
  object space 62976K, 64% used [0x00000000c0000000,0x00000000c27e8ae0,0x00000000c3d80000)
 Metaspace       used 53453K, capacity 56004K, committed 56448K, reserved 1097728K
  class space    used 7230K, capacity 7617K, committed 7808K, reserved 1048576K
}

