# JRE version: Java(TM) SE Runtime Environment (8.0_11-b12) (build 1.8.0_11-b12)
# Java VM: Java HotSpot(TM) 64-Bit Server VM (25.11-b03 mixed mode windows-amd64 compressed oops)
Heap:
 PSYoungGen      total 206848K, used 3168K [0x00000000eab00000, 0x00000000fa700000, 0x0000000100000000)
  eden space 182784K, 0% used [0x00000000eab00000,0x00000000eab00000,0x00000000f5d80000)
  from space 24064K, 13% used [0x00000000f5d80000,0x00000000f6098140,0x00000000f7500000)
  to   space 24064K, 0% used [0x00000000f8f80000,0x00000000f8f80000,0x00000000fa700000)
 ParOldGen       total 57344K, used 55342K [0x00000000c0000000, 0x00000000c3800000, 0x00000000eab00000)
  object space 57344K, 96% used [0x00000000c0000000,0x00000000c360bbe0,0x00000000c3800000)
 Metaspace       used 47511K, capacity 50016K, committed 50304K, reserved 1091584K
  class space    used 6659K, capacity 7209K, committed 7296K, reserved 1048576K
GC Heap History (10 events):
Event: 897.901 GC heap after
Heap after GC invocations=40 (full 7):
 PSYoungGen      total 162816K, used 14754K [0x00000000eab00000, 0x00000000f7580000, 0x0000000100000000)
  eden space 140288K, 0% used [0x00000000eab00000,0x00000000eab00000,0x00000000f3400000)
  from space 22528K, 65% used [0x00000000f3400000,0x00000000f4268888,0x00000000f4a00000)
  to   space 23040K, 0% used [0x00000000f5f00000,0x00000000f5f00000,0x00000000f7580000)
 ParOldGen       total 52224K, used 43813K [0x00000000c0000000, 0x00000000c3300000, 0x00000000eab00000)
  object space 52224K, 83% used [0x00000000c0000000,0x00000000c2ac97b0,0x00000000c3300000)
 Metaspace       used 47511K, capacity 50016K, committed 50304K, reserved 1091584K
  class space    used 6659K, capacity 7209K, committed 7296K, reserved 1048576K
}
Event: 898.016 GC heap before
{Heap before GC invocations=41 (full 7):
 PSYoungGen      total 162816K, used 155042K [0x00000000eab00000, 0x00000000f7580000, 0x0000000100000000)
  eden space 140288K, 100% used [0x00000000eab00000,0x00000000f3400000,0x00000000f3400000)
  from space 22528K, 65% used [0x00000000f3400000,0x00000000f4268888,0x00000000f4a00000)
  to   space 23040K, 0% used [0x00000000f5f00000,0x00000000f5f00000,0x00000000f7580000)
 ParOldGen       total 52224K, used 43813K [0x00000000c0000000, 0x00000000c3300000, 0x00000000eab00000)
  object space 52224K, 83% used [0x00000000c0000000,0x00000000c2ac97b0,0x00000000c3300000)
 Metaspace       used 47511K, capacity 50016K, committed 50304K, reserved 1091584K
  class space    used 6659K, capacity 7209K, committed 7296K, reserved 1048576K
Event: 898.036 GC heap after
Heap after GC invocations=41 (full 7):
 PSYoungGen      total 183808K, used 14705K [0x00000000eab00000, 0x00000000f7780000, 0x0000000100000000)
  eden space 160768K, 0% used [0x00000000eab00000,0x00000000eab00000,0x00000000f4800000)
  from space 23040K, 63% used [0x00000000f5f00000,0x00000000f6d5c718,0x00000000f7580000)
  to   space 23552K, 0% used [0x00000000f4800000,0x00000000f4800000,0x00000000f5f00000)
 ParOldGen       total 52224K, used 43813K [0x00000000c0000000, 0x00000000c3300000, 0x00000000eab00000)
  object space 52224K, 83% used [0x00000000c0000000,0x00000000c2ac97b0,0x00000000c3300000)
 Metaspace       used 47511K, capacity 50016K, committed 50304K, reserved 1091584K
  class space    used 6659K, capacity 7209K, committed 7296K, reserved 1048576K
}
Event: 898.124 GC heap before
{Heap before GC invocations=42 (full 7):
 PSYoungGen      total 183808K, used 175473K [0x00000000eab00000, 0x00000000f7780000, 0x0000000100000000)
  eden space 160768K, 100% used [0x00000000eab00000,0x00000000f4800000,0x00000000f4800000)
  from space 23040K, 63% used [0x00000000f5f00000,0x00000000f6d5c718,0x00000000f7580000)
  to   space 23552K, 0% used [0x00000000f4800000,0x00000000f4800000,0x00000000f5f00000)
 ParOldGen       total 52224K, used 43813K [0x00000000c0000000, 0x00000000c3300000, 0x00000000eab00000)
  object space 52224K, 83% used [0x00000000c0000000,0x00000000c2ac97b0,0x00000000c3300000)
 Metaspace       used 47511K, capacity 50016K, committed 50304K, reserved 1091584K
  class space    used 6659K, capacity 7209K, committed 7296K, reserved 1048576K
Event: 898.143 GC heap after
Heap after GC invocations=42 (full 7):
 PSYoungGen      total 184320K, used 14617K [0x00000000eab00000, 0x00000000f8c00000, 0x0000000100000000)
  eden space 160768K, 0% used [0x00000000eab00000,0x00000000eab00000,0x00000000f4800000)
  from space 23552K, 62% used [0x00000000f4800000,0x00000000f56464b8,0x00000000f5f00000)
  to   space 23552K, 0% used [0x00000000f7500000,0x00000000f7500000,0x00000000f8c00000)
 ParOldGen       total 52224K, used 43813K [0x00000000c0000000, 0x00000000c3300000, 0x00000000eab00000)
  object space 52224K, 83% used [0x00000000c0000000,0x00000000c2ac97b0,0x00000000c3300000)
 Metaspace       used 47511K, capacity 50016K, committed 50304K, reserved 1091584K
  class space    used 6659K, capacity 7209K, committed 7296K, reserved 1048576K
}
Event: 898.229 GC heap before
{Heap before GC invocations=43 (full 7):
 PSYoungGen      total 184320K, used 175385K [0x00000000eab00000, 0x00000000f8c00000, 0x0000000100000000)
  eden space 160768K, 100% used [0x00000000eab00000,0x00000000f4800000,0x00000000f4800000)
  from space 23552K, 62% used [0x00000000f4800000,0x00000000f56464b8,0x00000000f5f00000)
  to   space 23552K, 0% used [0x00000000f7500000,0x00000000f7500000,0x00000000f8c00000)
 ParOldGen       total 52224K, used 43813K [0x00000000c0000000, 0x00000000c3300000, 0x00000000eab00000)
  object space 52224K, 83% used [0x00000000c0000000,0x00000000c2ac97b0,0x00000000c3300000)
 Metaspace       used 47511K, capacity 50016K, committed 50304K, reserved 1091584K
  class space    used 6659K, capacity 7209K, committed 7296K, reserved 1048576K
Event: 898.245 GC heap after
Heap after GC invocations=43 (full 7):
 PSYoungGen      total 206336K, used 14689K [0x00000000eab00000, 0x00000000f8d80000, 0x0000000100000000)
  eden space 182784K, 0% used [0x00000000eab00000,0x00000000eab00000,0x00000000f5d80000)
  from space 23552K, 62% used [0x00000000f7500000,0x00000000f83586e8,0x00000000f8c00000)
  to   space 24064K, 0% used [0x00000000f5d80000,0x00000000f5d80000,0x00000000f7500000)
 ParOldGen       total 52224K, used 43813K [0x00000000c0000000, 0x00000000c3300000, 0x00000000eab00000)
  object space 52224K, 83% used [0x00000000c0000000,0x00000000c2ac97b0,0x00000000c3300000)
 Metaspace       used 47511K, capacity 50016K, committed 50304K, reserved 1091584K
  class space    used 6659K, capacity 7209K, committed 7296K, reserved 1048576K
}
Event: 898.358 GC heap before
{Heap before GC invocations=44 (full 7):
 PSYoungGen      total 206336K, used 197473K [0x00000000eab00000, 0x00000000f8d80000, 0x0000000100000000)
  eden space 182784K, 100% used [0x00000000eab00000,0x00000000f5d80000,0x00000000f5d80000)
  from space 23552K, 62% used [0x00000000f7500000,0x00000000f83586e8,0x00000000f8c00000)
  to   space 24064K, 0% used [0x00000000f5d80000,0x00000000f5d80000,0x00000000f7500000)
 ParOldGen       total 52224K, used 43813K [0x00000000c0000000, 0x00000000c3300000, 0x00000000eab00000)
  object space 52224K, 83% used [0x00000000c0000000,0x00000000c2ac97b0,0x00000000c3300000)
 Metaspace       used 47511K, capacity 50016K, committed 50304K, reserved 1091584K
  class space    used 6659K, capacity 7209K, committed 7296K, reserved 1048576K
Event: 898.378 GC heap after
Heap after GC invocations=44 (full 7):
 PSYoungGen      total 206848K, used 3168K [0x00000000eab00000, 0x00000000fa700000, 0x0000000100000000)
  eden space 182784K, 0% used [0x00000000eab00000,0x00000000eab00000,0x00000000f5d80000)
  from space 24064K, 13% used [0x00000000f5d80000,0x00000000f6098140,0x00000000f7500000)
  to   space 24064K, 0% used [0x00000000f8f80000,0x00000000f8f80000,0x00000000fa700000)
 ParOldGen       total 57344K, used 55342K [0x00000000c0000000, 0x00000000c3800000, 0x00000000eab00000)
  object space 57344K, 96% used [0x00000000c0000000,0x00000000c360bbe0,0x00000000c3800000)
 Metaspace       used 47511K, capacity 50016K, committed 50304K, reserved 1091584K
  class space    used 6659K, capacity 7209K, committed 7296K, reserved 1048576K
}
Event: 898.379 GC heap before
{Heap before GC invocations=45 (full 8):
 PSYoungGen      total 206848K, used 3168K [0x00000000eab00000, 0x00000000fa700000, 0x0000000100000000)
  eden space 182784K, 0% used [0x00000000eab00000,0x00000000eab00000,0x00000000f5d80000)
  from space 24064K, 13% used [0x00000000f5d80000,0x00000000f6098140,0x00000000f7500000)
  to   space 24064K, 0% used [0x00000000f8f80000,0x00000000f8f80000,0x00000000fa700000)
 ParOldGen       total 57344K, used 55342K [0x00000000c0000000, 0x00000000c3800000, 0x00000000eab00000)
  object space 57344K, 96% used [0x00000000c0000000,0x00000000c360bbe0,0x00000000c3800000)
 Metaspace       used 47511K, capacity 50016K, committed 50304K, reserved 1091584K
  class space    used 6659K, capacity 7209K, committed 7296K, reserved 1048576K

