# JRE version: Java(TM) SE Runtime Environment (8.0_11-b12) (build 1.8.0_11-b12)
# Java VM: Java HotSpot(TM) 64-Bit Server VM (25.11-b03 mixed mode windows-amd64 compressed oops)
Heap:
 PSYoungGen      total 101888K, used 34594K [0x00000000eab00000, 0x00000000f2080000, 0x0000000100000000)
  eden space 84480K, 33% used [0x00000000eab00000,0x00000000ec6f6730,0x00000000efd80000)
  from space 17408K, 34% used [0x00000000efd80000,0x00000000f0352258,0x00000000f0e80000)
  to   space 16384K, 0% used [0x00000000f1080000,0x00000000f1080000,0x00000000f2080000)
 ParOldGen       total 52224K, used 32097K [0x00000000c0000000, 0x00000000c3300000, 0x00000000eab00000)
  object space 52224K, 61% used [0x00000000c0000000,0x00000000c1f585d8,0x00000000c3300000)
 Metaspace       used 45587K, capacity 46946K, committed 47104K, reserved 1089536K
  class space    used 6297K, capacity 6564K, committed 6656K, reserved 1048576K
GC Heap History (10 events):
Event: 45.673 GC heap before
{Heap before GC invocations=30 (full 6):
 PSYoungGen      total 90112K, used 78464K [0x00000000eab00000, 0x00000000f1900000, 0x0000000100000000)
  eden space 76288K, 100% used [0x00000000eab00000,0x00000000ef580000,0x00000000ef580000)
  from space 13824K, 15% used [0x00000000ef580000,0x00000000ef7a0140,0x00000000f0300000)
  to   space 13824K, 0% used [0x00000000f0b80000,0x00000000f0b80000,0x00000000f1900000)
 ParOldGen       total 52224K, used 37964K [0x00000000c0000000, 0x00000000c3300000, 0x00000000eab00000)
  object space 52224K, 72% used [0x00000000c0000000,0x00000000c2513380,0x00000000c3300000)
 Metaspace       used 38840K, capacity 39808K, committed 40064K, reserved 1083392K
  class space    used 5456K, capacity 5687K, committed 5760K, reserved 1048576K
Event: 45.694 GC heap after
Heap after GC invocations=30 (full 6):
 PSYoungGen      total 90624K, used 3512K [0x00000000eab00000, 0x00000000f1480000, 0x0000000100000000)
  eden space 81408K, 0% used [0x00000000eab00000,0x00000000eab00000,0x00000000efa80000)
  from space 9216K, 38% used [0x00000000f0b80000,0x00000000f0eee010,0x00000000f1480000)
  to   space 13312K, 0% used [0x00000000efa80000,0x00000000efa80000,0x00000000f0780000)
 ParOldGen       total 52224K, used 37972K [0x00000000c0000000, 0x00000000c3300000, 0x00000000eab00000)
  object space 52224K, 72% used [0x00000000c0000000,0x00000000c2515380,0x00000000c3300000)
 Metaspace       used 38840K, capacity 39808K, committed 40064K, reserved 1083392K
  class space    used 5456K, capacity 5687K, committed 5760K, reserved 1048576K
}
Event: 51.422 GC heap before
{Heap before GC invocations=31 (full 6):
 PSYoungGen      total 90624K, used 84920K [0x00000000eab00000, 0x00000000f1480000, 0x0000000100000000)
  eden space 81408K, 100% used [0x00000000eab00000,0x00000000efa80000,0x00000000efa80000)
  from space 9216K, 38% used [0x00000000f0b80000,0x00000000f0eee010,0x00000000f1480000)
  to   space 13312K, 0% used [0x00000000efa80000,0x00000000efa80000,0x00000000f0780000)
 ParOldGen       total 52224K, used 37972K [0x00000000c0000000, 0x00000000c3300000, 0x00000000eab00000)
  object space 52224K, 72% used [0x00000000c0000000,0x00000000c2515380,0x00000000c3300000)
 Metaspace       used 44108K, capacity 45078K, committed 45312K, reserved 1087488K
  class space    used 6134K, capacity 6346K, committed 6400K, reserved 1048576K
Event: 51.453 GC heap after
Heap after GC invocations=31 (full 6):
 PSYoungGen      total 94720K, used 13294K [0x00000000eab00000, 0x00000000f1f00000, 0x0000000100000000)
  eden space 81408K, 0% used [0x00000000eab00000,0x00000000eab00000,0x00000000efa80000)
  from space 13312K, 99% used [0x00000000efa80000,0x00000000f077b9b8,0x00000000f0780000)
  to   space 16896K, 0% used [0x00000000f0e80000,0x00000000f0e80000,0x00000000f1f00000)
 ParOldGen       total 52224K, used 42386K [0x00000000c0000000, 0x00000000c3300000, 0x00000000eab00000)
  object space 52224K, 81% used [0x00000000c0000000,0x00000000c2964b50,0x00000000c3300000)
 Metaspace       used 44108K, capacity 45078K, committed 45312K, reserved 1087488K
  class space    used 6134K, capacity 6346K, committed 6400K, reserved 1048576K
}
Event: 52.506 GC heap before
{Heap before GC invocations=32 (full 6):
 PSYoungGen      total 94720K, used 29532K [0x00000000eab00000, 0x00000000f1f00000, 0x0000000100000000)
  eden space 81408K, 19% used [0x00000000eab00000,0x00000000ebadb8a0,0x00000000efa80000)
  from space 13312K, 99% used [0x00000000efa80000,0x00000000f077b9b8,0x00000000f0780000)
  to   space 16896K, 0% used [0x00000000f0e80000,0x00000000f0e80000,0x00000000f1f00000)
 ParOldGen       total 52224K, used 42386K [0x00000000c0000000, 0x00000000c3300000, 0x00000000eab00000)
  object space 52224K, 81% used [0x00000000c0000000,0x00000000c2964b50,0x00000000c3300000)
 Metaspace       used 44468K, capacity 45404K, committed 45568K, reserved 1089536K
  class space    used 6161K, capacity 6348K, committed 6400K, reserved 1048576K
Event: 52.529 GC heap after
Heap after GC invocations=32 (full 6):
 PSYoungGen      total 101376K, used 9531K [0x00000000eab00000, 0x00000000f2000000, 0x0000000100000000)
  eden space 84480K, 0% used [0x00000000eab00000,0x00000000eab00000,0x00000000efd80000)
  from space 16896K, 56% used [0x00000000f0e80000,0x00000000f17ceda8,0x00000000f1f00000)
  to   space 17408K, 0% used [0x00000000efd80000,0x00000000efd80000,0x00000000f0e80000)
 ParOldGen       total 52224K, used 45479K [0x00000000c0000000, 0x00000000c3300000, 0x00000000eab00000)
  object space 52224K, 87% used [0x00000000c0000000,0x00000000c2c69ff0,0x00000000c3300000)
 Metaspace       used 44468K, capacity 45404K, committed 45568K, reserved 1089536K
  class space    used 6161K, capacity 6348K, committed 6400K, reserved 1048576K
}
Event: 52.529 GC heap before
{Heap before GC invocations=33 (full 7):
 PSYoungGen      total 101376K, used 9531K [0x00000000eab00000, 0x00000000f2000000, 0x0000000100000000)
  eden space 84480K, 0% used [0x00000000eab00000,0x00000000eab00000,0x00000000efd80000)
  from space 16896K, 56% used [0x00000000f0e80000,0x00000000f17ceda8,0x00000000f1f00000)
  to   space 17408K, 0% used [0x00000000efd80000,0x00000000efd80000,0x00000000f0e80000)
 ParOldGen       total 52224K, used 45479K [0x00000000c0000000, 0x00000000c3300000, 0x00000000eab00000)
  object space 52224K, 87% used [0x00000000c0000000,0x00000000c2c69ff0,0x00000000c3300000)
 Metaspace       used 44468K, capacity 45404K, committed 45568K, reserved 1089536K
  class space    used 6161K, capacity 6348K, committed 6400K, reserved 1048576K
Event: 52.994 GC heap after
Heap after GC invocations=33 (full 7):
 PSYoungGen      total 101376K, used 0K [0x00000000eab00000, 0x00000000f2000000, 0x0000000100000000)
  eden space 84480K, 0% used [0x00000000eab00000,0x00000000eab00000,0x00000000efd80000)
  from space 16896K, 0% used [0x00000000f0e80000,0x00000000f0e80000,0x00000000f1f00000)
  to   space 17408K, 0% used [0x00000000efd80000,0x00000000efd80000,0x00000000f0e80000)
 ParOldGen       total 52224K, used 32089K [0x00000000c0000000, 0x00000000c3300000, 0x00000000eab00000)
  object space 52224K, 61% used [0x00000000c0000000,0x00000000c1f565d8,0x00000000c3300000)
 Metaspace       used 44468K, capacity 45404K, committed 45568K, reserved 1089536K
  class space    used 6161K, capacity 6348K, committed 6400K, reserved 1048576K
}
Event: 76.769 GC heap before
{Heap before GC invocations=34 (full 7):
 PSYoungGen      total 101376K, used 84480K [0x00000000eab00000, 0x00000000f2000000, 0x0000000100000000)
  eden space 84480K, 100% used [0x00000000eab00000,0x00000000efd80000,0x00000000efd80000)
  from space 16896K, 0% used [0x00000000f0e80000,0x00000000f0e80000,0x00000000f1f00000)
  to   space 17408K, 0% used [0x00000000efd80000,0x00000000efd80000,0x00000000f0e80000)
 ParOldGen       total 52224K, used 32089K [0x00000000c0000000, 0x00000000c3300000, 0x00000000eab00000)
  object space 52224K, 61% used [0x00000000c0000000,0x00000000c1f565d8,0x00000000c3300000)
 Metaspace       used 45058K, capacity 46356K, committed 46464K, reserved 1089536K
  class space    used 6222K, capacity 6445K, committed 6528K, reserved 1048576K
Event: 76.782 GC heap after
Heap after GC invocations=34 (full 7):
 PSYoungGen      total 101888K, used 5960K [0x00000000eab00000, 0x00000000f2080000, 0x0000000100000000)
  eden space 84480K, 0% used [0x00000000eab00000,0x00000000eab00000,0x00000000efd80000)
  from space 17408K, 34% used [0x00000000efd80000,0x00000000f0352258,0x00000000f0e80000)
  to   space 16384K, 0% used [0x00000000f1080000,0x00000000f1080000,0x00000000f2080000)
 ParOldGen       total 52224K, used 32097K [0x00000000c0000000, 0x00000000c3300000, 0x00000000eab00000)
  object space 52224K, 61% used [0x00000000c0000000,0x00000000c1f585d8,0x00000000c3300000)
 Metaspace       used 45058K, capacity 46356K, committed 46464K, reserved 1089536K
  class space    used 6222K, capacity 6445K, committed 6528K, reserved 1048576K
}

