# JRE version: Java(TM) SE Runtime Environment (8.0_11-b12) (build 1.8.0_11-b12)
# Java VM: Java HotSpot(TM) 64-Bit Server VM (25.11-b03 mixed mode windows-amd64 compressed oops)
Heap:
 PSYoungGen      total 141312K, used 11175K [0x00000000eab00000, 0x00000000f4680000, 0x0000000100000000)
  eden space 129536K, 0% used [0x00000000eab00000,0x00000000eab00000,0x00000000f2980000)
  from space 11776K, 94% used [0x00000000f3b00000,0x00000000f45e9fe8,0x00000000f4680000)
  to   space 14848K, 0% used [0x00000000f2980000,0x00000000f2980000,0x00000000f3800000)
 ParOldGen       total 32256K, used 30504K [0x00000000c0000000, 0x00000000c1f80000, 0x00000000eab00000)
  object space 32256K, 94% used [0x00000000c0000000,0x00000000c1dca1c8,0x00000000c1f80000)
 Metaspace       used 40295K, capacity 41536K, committed 41600K, reserved 1085440K
  class space    used 5663K, capacity 5970K, committed 6016K, reserved 1048576K
GC Heap History (10 events):
Event: 23.389 GC heap after
Heap after GC invocations=24 (full 2):
 PSYoungGen      total 111104K, used 6647K [0x00000000eab00000, 0x00000000f2500000, 0x0000000100000000)
  eden space 104448K, 0% used [0x00000000eab00000,0x00000000eab00000,0x00000000f1100000)
  from space 6656K, 99% used [0x00000000f1a00000,0x00000000f207de70,0x00000000f2080000)
  to   space 9216K, 0% used [0x00000000f1100000,0x00000000f1100000,0x00000000f1a00000)
 ParOldGen       total 18432K, used 17246K [0x00000000c0000000, 0x00000000c1200000, 0x00000000eab00000)
  object space 18432K, 93% used [0x00000000c0000000,0x00000000c10d7958,0x00000000c1200000)
 Metaspace       used 33650K, capacity 34406K, committed 34560K, reserved 1079296K
  class space    used 4598K, capacity 4781K, committed 4864K, reserved 1048576K
}
Event: 23.389 GC heap before
{Heap before GC invocations=25 (full 3):
 PSYoungGen      total 111104K, used 6647K [0x00000000eab00000, 0x00000000f2500000, 0x0000000100000000)
  eden space 104448K, 0% used [0x00000000eab00000,0x00000000eab00000,0x00000000f1100000)
  from space 6656K, 99% used [0x00000000f1a00000,0x00000000f207de70,0x00000000f2080000)
  to   space 9216K, 0% used [0x00000000f1100000,0x00000000f1100000,0x00000000f1a00000)
 ParOldGen       total 18432K, used 17246K [0x00000000c0000000, 0x00000000c1200000, 0x00000000eab00000)
  object space 18432K, 93% used [0x00000000c0000000,0x00000000c10d7958,0x00000000c1200000)
 Metaspace       used 33650K, capacity 34406K, committed 34560K, reserved 1079296K
  class space    used 4598K, capacity 4781K, committed 4864K, reserved 1048576K
Event: 23.661 GC heap after
Heap after GC invocations=25 (full 3):
 PSYoungGen      total 111104K, used 2298K [0x00000000eab00000, 0x00000000f2500000, 0x0000000100000000)
  eden space 104448K, 0% used [0x00000000eab00000,0x00000000eab00000,0x00000000f1100000)
  from space 6656K, 34% used [0x00000000f1a00000,0x00000000f1c3eba8,0x00000000f2080000)
  to   space 9216K, 0% used [0x00000000f1100000,0x00000000f1100000,0x00000000f1a00000)
 ParOldGen       total 24064K, used 17970K [0x00000000c0000000, 0x00000000c1780000, 0x00000000eab00000)
  object space 24064K, 74% used [0x00000000c0000000,0x00000000c118cbf0,0x00000000c1780000)
 Metaspace       used 33596K, capacity 34282K, committed 34560K, reserved 1079296K
  class space    used 4581K, capacity 4761K, committed 4864K, reserved 1048576K
}
Event: 27.497 GC heap before
{Heap before GC invocations=26 (full 3):
 PSYoungGen      total 111104K, used 106746K [0x00000000eab00000, 0x00000000f2500000, 0x0000000100000000)
  eden space 104448K, 100% used [0x00000000eab00000,0x00000000f1100000,0x00000000f1100000)
  from space 6656K, 34% used [0x00000000f1a00000,0x00000000f1c3eba8,0x00000000f2080000)
  to   space 9216K, 0% used [0x00000000f1100000,0x00000000f1100000,0x00000000f1a00000)
 ParOldGen       total 24064K, used 17970K [0x00000000c0000000, 0x00000000c1780000, 0x00000000eab00000)
  object space 24064K, 74% used [0x00000000c0000000,0x00000000c118cbf0,0x00000000c1780000)
 Metaspace       used 37231K, capacity 38070K, committed 38144K, reserved 1081344K
  class space    used 5124K, capacity 5304K, committed 5376K, reserved 1048576K
Event: 28.876 GC heap after
Heap after GC invocations=26 (full 3):
 PSYoungGen      total 113664K, used 9192K [0x00000000eab00000, 0x00000000f4780000, 0x0000000100000000)
  eden space 104448K, 0% used [0x00000000eab00000,0x00000000eab00000,0x00000000f1100000)
  from space 9216K, 99% used [0x00000000f1100000,0x00000000f19fa078,0x00000000f1a00000)
  to   space 12800K, 0% used [0x00000000f3b00000,0x00000000f3b00000,0x00000000f4780000)
 ParOldGen       total 24064K, used 24032K [0x00000000c0000000, 0x00000000c1780000, 0x00000000eab00000)
  object space 24064K, 99% used [0x00000000c0000000,0x00000000c1778310,0x00000000c1780000)
 Metaspace       used 37231K, capacity 38070K, committed 38144K, reserved 1081344K
  class space    used 5124K, capacity 5304K, committed 5376K, reserved 1048576K
}
Event: 28.876 GC heap before
{Heap before GC invocations=27 (full 4):
 PSYoungGen      total 113664K, used 9192K [0x00000000eab00000, 0x00000000f4780000, 0x0000000100000000)
  eden space 104448K, 0% used [0x00000000eab00000,0x00000000eab00000,0x00000000f1100000)
  from space 9216K, 99% used [0x00000000f1100000,0x00000000f19fa078,0x00000000f1a00000)
  to   space 12800K, 0% used [0x00000000f3b00000,0x00000000f3b00000,0x00000000f4780000)
 ParOldGen       total 24064K, used 24032K [0x00000000c0000000, 0x00000000c1780000, 0x00000000eab00000)
  object space 24064K, 99% used [0x00000000c0000000,0x00000000c1778310,0x00000000c1780000)
 Metaspace       used 37231K, capacity 38070K, committed 38144K, reserved 1081344K
  class space    used 5124K, capacity 5304K, committed 5376K, reserved 1048576K
Event: 29.327 GC heap after
Heap after GC invocations=27 (full 4):
 PSYoungGen      total 113664K, used 6601K [0x00000000eab00000, 0x00000000f4780000, 0x0000000100000000)
  eden space 104448K, 0% used [0x00000000eab00000,0x00000000eab00000,0x00000000f1100000)
  from space 9216K, 71% used [0x00000000f1100000,0x00000000f17725c8,0x00000000f1a00000)
  to   space 12800K, 0% used [0x00000000f3b00000,0x00000000f3b00000,0x00000000f4780000)
 ParOldGen       total 32256K, used 23848K [0x00000000c0000000, 0x00000000c1f80000, 0x00000000eab00000)
  object space 32256K, 73% used [0x00000000c0000000,0x00000000c174a068,0x00000000c1f80000)
 Metaspace       used 37231K, capacity 38070K, committed 38144K, reserved 1081344K
  class space    used 5124K, capacity 5304K, committed 5376K, reserved 1048576K
}
Event: 32.774 GC heap before
{Heap before GC invocations=28 (full 4):
 PSYoungGen      total 113664K, used 111049K [0x00000000eab00000, 0x00000000f4780000, 0x0000000100000000)
  eden space 104448K, 100% used [0x00000000eab00000,0x00000000f1100000,0x00000000f1100000)
  from space 9216K, 71% used [0x00000000f1100000,0x00000000f17725c8,0x00000000f1a00000)
  to   space 12800K, 0% used [0x00000000f3b00000,0x00000000f3b00000,0x00000000f4780000)
 ParOldGen       total 32256K, used 23848K [0x00000000c0000000, 0x00000000c1f80000, 0x00000000eab00000)
  object space 32256K, 73% used [0x00000000c0000000,0x00000000c174a068,0x00000000c1f80000)
 Metaspace       used 40295K, capacity 41536K, committed 41600K, reserved 1085440K
  class space    used 5663K, capacity 5970K, committed 6016K, reserved 1048576K
Event: 32.840 GC heap after
Heap after GC invocations=28 (full 4):
 PSYoungGen      total 141312K, used 11175K [0x00000000eab00000, 0x00000000f4680000, 0x0000000100000000)
  eden space 129536K, 0% used [0x00000000eab00000,0x00000000eab00000,0x00000000f2980000)
  from space 11776K, 94% used [0x00000000f3b00000,0x00000000f45e9fe8,0x00000000f4680000)
  to   space 14848K, 0% used [0x00000000f2980000,0x00000000f2980000,0x00000000f3800000)
 ParOldGen       total 32256K, used 30504K [0x00000000c0000000, 0x00000000c1f80000, 0x00000000eab00000)
  object space 32256K, 94% used [0x00000000c0000000,0x00000000c1dca1c8,0x00000000c1f80000)
 Metaspace       used 40295K, capacity 41536K, committed 41600K, reserved 1085440K
  class space    used 5663K, capacity 5970K, committed 6016K, reserved 1048576K
}
Event: 32.840 GC heap before
{Heap before GC invocations=29 (full 5):
 PSYoungGen      total 141312K, used 11175K [0x00000000eab00000, 0x00000000f4680000, 0x0000000100000000)
  eden space 129536K, 0% used [0x00000000eab00000,0x00000000eab00000,0x00000000f2980000)
  from space 11776K, 94% used [0x00000000f3b00000,0x00000000f45e9fe8,0x00000000f4680000)
  to   space 14848K, 0% used [0x00000000f2980000,0x00000000f2980000,0x00000000f3800000)
 ParOldGen       total 32256K, used 30504K [0x00000000c0000000, 0x00000000c1f80000, 0x00000000eab00000)
  object space 32256K, 94% used [0x00000000c0000000,0x00000000c1dca1c8,0x00000000c1f80000)
 Metaspace       used 40295K, capacity 41536K, committed 41600K, reserved 1085440K
  class space    used 5663K, capacity 5970K, committed 6016K, reserved 1048576K

